This is pdfTeX, Version 3.1415926-2.5-1.40.14 (TeX Live 2013/Debian) (format=pdflatex 2015.1.13)  9 FEB 2015 11:10
entering extended mode
 restricted \write18 enabled.
 %&-line parsing enabled.
**report.tex
(./report.tex
LaTeX2e <2011/06/27>
Babel <3.9h> and hyphenation patterns for 2 languages loaded.
(/usr/share/texlive/texmf-dist/tex/latex/base/article.cls
Document Class: article 2007/10/19 v1.4h Standard LaTeX document class
(/usr/share/texlive/texmf-dist/tex/latex/base/size11.clo
File: size11.clo 2007/10/19 v1.4h Standard LaTeX file (size option)
)
\c@part=\count79
\c@section=\count80
\c@subsection=\count81
\c@subsubsection=\count82
\c@paragraph=\count83
\c@subparagraph=\count84
\c@figure=\count85
\c@table=\count86
\abovecaptionskip=\skip41
\belowcaptionskip=\skip42
\bibindent=\dimen102
)
(/usr/share/texlive/texmf-dist/tex/latex/geometry/geometry.sty
Package: geometry 2010/09/12 v5.6 Page Geometry

(/usr/share/texlive/texmf-dist/tex/latex/graphics/keyval.sty
Package: keyval 1999/03/16 v1.13 key=value parser (DPC)
\KV@toks@=\toks14
)
(/usr/share/texlive/texmf-dist/tex/generic/oberdiek/ifpdf.sty
Package: ifpdf 2011/01/30 v2.3 Provides the ifpdf switch (HO)
Package ifpdf Info: pdfTeX in PDF mode is detected.
)
(/usr/share/texlive/texmf-dist/tex/generic/oberdiek/ifvtex.sty
Package: ifvtex 2010/03/01 v1.5 Detect VTeX and its facilities (HO)
Package ifvtex Info: VTeX not detected.
)
(/usr/share/texlive/texmf-dist/tex/generic/ifxetex/ifxetex.sty
Package: ifxetex 2010/09/12 v0.6 Provides ifxetex conditional
)
\Gm@cnth=\count87
\Gm@cntv=\count88
\c@Gm@tempcnt=\count89
\Gm@bindingoffset=\dimen103
\Gm@wd@mp=\dimen104
\Gm@odd@mp=\dimen105
\Gm@even@mp=\dimen106
\Gm@layoutwidth=\dimen107
\Gm@layoutheight=\dimen108
\Gm@layouthoffset=\dimen109
\Gm@layoutvoffset=\dimen110
\Gm@dimlist=\toks15
)
(/usr/share/texlive/texmf-dist/tex/latex/graphics/graphicx.sty
Package: graphicx 1999/02/16 v1.0f Enhanced LaTeX Graphics (DPC,SPQR)

(/usr/share/texlive/texmf-dist/tex/latex/graphics/graphics.sty
Package: graphics 2009/02/05 v1.0o Standard LaTeX Graphics (DPC,SPQR)

(/usr/share/texlive/texmf-dist/tex/latex/graphics/trig.sty
Package: trig 1999/03/16 v1.09 sin cos tan (DPC)
)
(/usr/share/texlive/texmf-dist/tex/latex/latexconfig/graphics.cfg
File: graphics.cfg 2010/04/23 v1.9 graphics configuration of TeX Live
)
Package graphics Info: Driver file: pdftex.def on input line 91.

(/usr/share/texlive/texmf-dist/tex/latex/pdftex-def/pdftex.def
File: pdftex.def 2011/05/27 v0.06d Graphics/color for pdfTeX

(/usr/share/texlive/texmf-dist/tex/generic/oberdiek/infwarerr.sty
Package: infwarerr 2010/04/08 v1.3 Providing info/warning/error messages (HO)
)
(/usr/share/texlive/texmf-dist/tex/generic/oberdiek/ltxcmds.sty
Package: ltxcmds 2011/11/09 v1.22 LaTeX kernel commands for general use (HO)
)
\Gread@gobject=\count90
))
\Gin@req@height=\dimen111
\Gin@req@width=\dimen112
)
(/usr/share/texlive/texmf-dist/tex/latex/comment/comment.sty
\CommentStream=\write3

Excluding comment 'comment')
(/usr/share/texlive/texmf-dist/tex/latex/amsmath/amsmath.sty
Package: amsmath 2013/01/14 v2.14 AMS math features
\@mathmargin=\skip43

For additional information on amsmath, use the `?' option.
(/usr/share/texlive/texmf-dist/tex/latex/amsmath/amstext.sty
Package: amstext 2000/06/29 v2.01

(/usr/share/texlive/texmf-dist/tex/latex/amsmath/amsgen.sty
File: amsgen.sty 1999/11/30 v2.0
\@emptytoks=\toks16
\ex@=\dimen113
))
(/usr/share/texlive/texmf-dist/tex/latex/amsmath/amsbsy.sty
Package: amsbsy 1999/11/29 v1.2d
\pmbraise@=\dimen114
)
(/usr/share/texlive/texmf-dist/tex/latex/amsmath/amsopn.sty
Package: amsopn 1999/12/14 v2.01 operator names
)
\inf@bad=\count91
LaTeX Info: Redefining \frac on input line 210.
\uproot@=\count92
\leftroot@=\count93
LaTeX Info: Redefining \overline on input line 306.
\classnum@=\count94
\DOTSCASE@=\count95
LaTeX Info: Redefining \ldots on input line 378.
LaTeX Info: Redefining \dots on input line 381.
LaTeX Info: Redefining \cdots on input line 466.
\Mathstrutbox@=\box26
\strutbox@=\box27
\big@size=\dimen115
LaTeX Font Info:    Redeclaring font encoding OML on input line 566.
LaTeX Font Info:    Redeclaring font encoding OMS on input line 567.
\macc@depth=\count96
\c@MaxMatrixCols=\count97
\dotsspace@=\muskip10
\c@parentequation=\count98
\dspbrk@lvl=\count99
\tag@help=\toks17
\row@=\count100
\column@=\count101
\maxfields@=\count102
\andhelp@=\toks18
\eqnshift@=\dimen116
\alignsep@=\dimen117
\tagshift@=\dimen118
\tagwidth@=\dimen119
\totwidth@=\dimen120
\lineht@=\dimen121
\@envbody=\toks19
\multlinegap=\skip44
\multlinetaggap=\skip45
\mathdisplay@stack=\toks20
LaTeX Info: Redefining \[ on input line 2665.
LaTeX Info: Redefining \] on input line 2666.
)
(/usr/share/texlive/texmf-dist/tex/latex/caption/caption.sty
Package: caption 2013/05/02 v3.3-89 Customizing captions (AR)

(/usr/share/texlive/texmf-dist/tex/latex/caption/caption3.sty
Package: caption3 2013/05/02 v1.6-88 caption3 kernel (AR)
Package caption3 Info: TeX engine: e-TeX on input line 57.
\captionmargin=\dimen122
\captionmargin@=\dimen123
\captionwidth=\dimen124
\caption@tempdima=\dimen125
\caption@indent=\dimen126
\caption@parindent=\dimen127
\caption@hangindent=\dimen128
)
\c@ContinuedFloat=\count103
)
(/usr/share/texlive/texmf-dist/tex/latex/caption/subcaption.sty
Package: subcaption 2013/02/03 v1.1-62 Sub-captions (AR)
\c@subfigure=\count104
\c@subtable=\count105
)
(/usr/share/texlive/texmf-dist/tex/latex/units/nicefrac.sty
Package: nicefrac 1998/08/04 v0.9b Nice fractions
\L@UnitsRaiseDisplaystyle=\skip46
\L@UnitsRaiseTextstyle=\skip47
\L@UnitsRaiseScriptstyle=\skip48

(/usr/share/texlive/texmf-dist/tex/latex/base/ifthen.sty
Package: ifthen 2001/05/26 v1.1c Standard LaTeX ifthen package (DPC)
))
(/usr/share/texlive/texmf-dist/tex/latex/tablefootnote/tablefootnote.sty
Package: tablefootnote 2014/01/26 v1.1c Table foot notes (HMM)

(/usr/share/texlive/texmf-dist/tex/latex/oberdiek/letltxmacro.sty
Package: letltxmacro 2010/09/02 v1.4 Let assignment for LaTeX macros (HO)
)
(/usr/share/texlive/texmf-dist/tex/latex/xifthen/xifthen.sty
Package: xifthen 2009/04/17 v1.3 Extended ifthen features

(/usr/share/texlive/texmf-dist/tex/latex/etex-pkg/etex.sty
Package: etex 1998/03/26 v2.0 eTeX basic definition package (PEB)
\et@xins=\count106
)
(/usr/share/texlive/texmf-dist/tex/latex/tools/calc.sty
Package: calc 2007/08/22 v4.3 Infix arithmetic (KKT,FJ)
\calc@Acount=\count107
\calc@Bcount=\count108
\calc@Adimen=\dimen129
\calc@Bdimen=\dimen130
\calc@Askip=\skip49
\calc@Bskip=\skip50
LaTeX Info: Redefining \setlength on input line 76.
LaTeX Info: Redefining \addtolength on input line 77.
\calc@Ccount=\count109
\calc@Cskip=\skip51
)
(/usr/share/texlive/texmf-dist/tex/latex/ifmtarg/ifmtarg.sty
Package: ifmtarg 2009/09/02 v1.2a check for an empty argument
))
(/usr/share/texlive/texmf-dist/tex/latex/etoolbox/etoolbox.sty
Package: etoolbox 2011/01/03 v2.1 e-TeX tools for LaTeX
\etb@tempcnta=\count110
)) (./report.aux)
\openout1 = `report.aux'.

LaTeX Font Info:    Checking defaults for OML/cmm/m/it on input line 10.
LaTeX Font Info:    ... okay on input line 10.
LaTeX Font Info:    Checking defaults for T1/cmr/m/n on input line 10.
LaTeX Font Info:    ... okay on input line 10.
LaTeX Font Info:    Checking defaults for OT1/cmr/m/n on input line 10.
LaTeX Font Info:    ... okay on input line 10.
LaTeX Font Info:    Checking defaults for OMS/cmsy/m/n on input line 10.
LaTeX Font Info:    ... okay on input line 10.
LaTeX Font Info:    Checking defaults for OMX/cmex/m/n on input line 10.
LaTeX Font Info:    ... okay on input line 10.
LaTeX Font Info:    Checking defaults for U/cmr/m/n on input line 10.
LaTeX Font Info:    ... okay on input line 10.
*geometry* driver: auto-detecting
*geometry* detected driver: pdftex
*geometry* verbose mode - [ preamble ] result:
* driver: pdftex
* paper: letterpaper
* layout: <same size as paper>
* layoutoffset:(h,v)=(0.0pt,0.0pt)
* modes: 
* h-part:(L,W,R)=(90.3375pt, 433.62001pt, 90.3375pt)
* v-part:(T,H,B)=(90.3375pt, 614.295pt, 90.3375pt)
* \paperwidth=614.295pt
* \paperheight=794.96999pt
* \textwidth=433.62001pt
* \textheight=614.295pt
* \oddsidemargin=18.0675pt
* \evensidemargin=18.0675pt
* \topmargin=-18.9325pt
* \headheight=12.0pt
* \headsep=25.0pt
* \topskip=11.0pt
* \footskip=30.0pt
* \marginparwidth=59.0pt
* \marginparsep=10.0pt
* \columnsep=10.0pt
* \skip\footins=10.0pt plus 4.0pt minus 2.0pt
* \hoffset=0.0pt
* \voffset=0.0pt
* \mag=1000
* \@twocolumnfalse
* \@twosidefalse
* \@mparswitchfalse
* \@reversemarginfalse
* (1in=72.27pt=25.4mm, 1cm=28.453pt)

(/usr/share/texlive/texmf-dist/tex/context/base/supp-pdf.mkii
[Loading MPS to PDF converter (version 2006.09.02).]
\scratchcounter=\count111
\scratchdimen=\dimen131
\scratchbox=\box28
\nofMPsegments=\count112
\nofMParguments=\count113
\everyMPshowfont=\toks21
\MPscratchCnt=\count114
\MPscratchDim=\dimen132
\MPnumerator=\count115
\makeMPintoPDFobject=\count116
\everyMPtoPDFconversion=\toks22
) (/usr/share/texlive/texmf-dist/tex/generic/oberdiek/pdftexcmds.sty
Package: pdftexcmds 2011/11/29 v0.20 Utility functions of pdfTeX for LuaTeX (HO
)

(/usr/share/texlive/texmf-dist/tex/generic/oberdiek/ifluatex.sty
Package: ifluatex 2010/03/01 v1.3 Provides the ifluatex switch (HO)
Package ifluatex Info: LuaTeX not detected.
)
Package pdftexcmds Info: LuaTeX not detected.
Package pdftexcmds Info: \pdf@primitive is available.
Package pdftexcmds Info: \pdf@ifprimitive is available.
Package pdftexcmds Info: \pdfdraftmode found.
)
(/usr/share/texlive/texmf-dist/tex/latex/oberdiek/epstopdf-base.sty
Package: epstopdf-base 2010/02/09 v2.5 Base part for package epstopdf

(/usr/share/texlive/texmf-dist/tex/latex/oberdiek/grfext.sty
Package: grfext 2010/08/19 v1.1 Manage graphics extensions (HO)

(/usr/share/texlive/texmf-dist/tex/generic/oberdiek/kvdefinekeys.sty
Package: kvdefinekeys 2011/04/07 v1.3 Define keys (HO)
))
(/usr/share/texlive/texmf-dist/tex/latex/oberdiek/kvoptions.sty
Package: kvoptions 2011/06/30 v3.11 Key value format for package options (HO)

(/usr/share/texlive/texmf-dist/tex/generic/oberdiek/kvsetkeys.sty
Package: kvsetkeys 2012/04/25 v1.16 Key value parser (HO)

(/usr/share/texlive/texmf-dist/tex/generic/oberdiek/etexcmds.sty
Package: etexcmds 2011/02/16 v1.5 Avoid name clashes with e-TeX commands (HO)
Package etexcmds Info: Could not find \expanded.
(etexcmds)             That can mean that you are not using pdfTeX 1.50 or
(etexcmds)             that some package has redefined \expanded.
(etexcmds)             In the latter case, load this package earlier.
)))
Package grfext Info: Graphics extension search list:
(grfext)             [.png,.pdf,.jpg,.mps,.jpeg,.jbig2,.jb2,.PNG,.PDF,.JPG,.JPE
G,.JBIG2,.JB2,.eps]
(grfext)             \AppendGraphicsExtensions on input line 452.

(/usr/share/texlive/texmf-dist/tex/latex/latexconfig/epstopdf-sys.cfg
File: epstopdf-sys.cfg 2010/07/13 v1.3 Configuration of (r)epstopdf for TeX Liv
e
))
Package caption Info: Begin \AtBeginDocument code.
Package caption Info: End \AtBeginDocument code.

[1

{/var/lib/texmf/fonts/map/pdftex/updmap/pdftex.map}] [1

] (./report.toc)
\tf@toc=\write4
\openout4 = `report.toc'.


[1

]
<figures/BJTforwardBiasConfigurations.png, id=20, 2040.62375pt x 699.61375pt>
File: figures/BJTforwardBiasConfigurations.png Graphic file (type png)

<use figures/BJTforwardBiasConfigurations.png>
Package pdftex.def Info: figures/BJTforwardBiasConfigurations.png used on input
 line 53.
(pdftex.def)             Requested size: 325.215pt x 111.49213pt.
 [2

 <./figures/BJTforwardBiasConfigurations.png>] <figures/tankCircuit.png, id=30,
 405.6756pt x 132.0132pt>
File: figures/tankCircuit.png Graphic file (type png)

<use figures/tankCircuit.png>
Package pdftex.def Info: figures/tankCircuit.png used on input line 123.
(pdftex.def)             Requested size: 325.215pt x 105.83427pt.
 [3 <./figures/tankCircuit.png (PNG copy)>]
<figures/commonBaseAmplifier.png, id=35, 518.1759pt x 162.8484pt>
File: figures/commonBaseAmplifier.png Graphic file (type png)

<use figures/commonBaseAmplifier.png>
Package pdftex.def Info: figures/commonBaseAmplifier.png used on input line 186
.
(pdftex.def)             Requested size: 433.62001pt x 136.27736pt.
 [4 <./figures/commonBaseAmplifier.png>]
<figures/commonEmitterAmplifier.png, id=41, 230.14842pt x 188.77214pt>
File: figures/commonEmitterAmplifier.png Graphic file (type png)

<use figures/commonEmitterAmplifier.png>
Package pdftex.def Info: figures/commonEmitterAmplifier.png used on input line 
279.
(pdftex.def)             Requested size: 151.76964pt x 124.48628pt.

<figures/commonEmitterEquivalentCircuits.png, id=42, 2019.545pt x 509.905pt>
File: figures/commonEmitterEquivalentCircuits.png Graphic file (type png)

<use figures/commonEmitterEquivalentCircuits.png>
Package pdftex.def Info: figures/commonEmitterEquivalentCircuits.png used on in
put line 289.
(pdftex.def)             Requested size: 346.89732pt x 87.58524pt.
 [5 <./figures/commonEmitterAmplifier.png>] [6 <./figures/commonEmitterEquivale
ntCircuits.png>] [7]
<figures/commonCollectorAmplifier.png, id=56, 1979.395pt x 610.28pt>
File: figures/commonCollectorAmplifier.png Graphic file (type png)

<use figures/commonCollectorAmplifier.png>
Package pdftex.def Info: figures/commonCollectorAmplifier.png used on input lin
e 442.
(pdftex.def)             Requested size: 325.215pt x 100.26349pt.
 [8 <./figures/commonCollectorAmplifier.png>] <MATLAB/AvQptRelationship.png, id
=61, 285.31593pt x 231.11343pt>
File: MATLAB/AvQptRelationship.png Graphic file (type png)

<use MATLAB/AvQptRelationship.png>
Package pdftex.def Info: MATLAB/AvQptRelationship.png used on input line 525.
(pdftex.def)             Requested size: 216.81pt x 175.62335pt.
 [9 <./MATLAB/AvQptRelationship.png (PNG copy)>] <MATLAB/ceTunedMag.png, id=66,
 421.575pt x 316.18124pt>
File: MATLAB/ceTunedMag.png Graphic file (type png)

<use MATLAB/ceTunedMag.png>
Package pdftex.def Info: MATLAB/ceTunedMag.png used on input line 554.
(pdftex.def)             Requested size: 216.81pt x 162.61081pt.
 [10 <./MATLAB/ceTunedMag.png (PNG copy)>]
<figures/commonBaseStage.png, id=70, 154.6578pt x 206.2104pt>
File: figures/commonBaseStage.png Graphic file (type png)

<use figures/commonBaseStage.png>
Package pdftex.def Info: figures/commonBaseStage.png used on input line 672.
(pdftex.def)             Requested size: 99.73074pt x 132.97478pt.
 [11]
<measurements/q1Characteristics.png, id=75, 532.6299pt x 430.7292pt>
File: measurements/q1Characteristics.png Graphic file (type png)

<use measurements/q1Characteristics.png>
Package pdftex.def Info: measurements/q1Characteristics.png used on input line 
716.
(pdftex.def)             Requested size: 260.17465pt x 210.39534pt.
Package epstopdf Info: Source file: <mathGL/cbStage.eps>
(epstopdf)                    date: 2015-02-08 20:21:50
(epstopdf)                    size: 102889 bytes
(epstopdf)             Output file: <mathGL/cbStage-eps-converted-to.pdf>
(epstopdf)                    date: 2015-02-08 20:32:29
(epstopdf)                    size: 69178 bytes
(epstopdf)             Command: <repstopdf --outfile=mathGL/cbStage-eps-convert
ed-to.pdf mathGL/cbStage.eps>
(epstopdf)             \includegraphics on input line 739.
Package epstopdf Info: Output file is already uptodate.

<mathGL/cbStage-eps-converted-to.pdf, id=76, 602.25pt x 401.5pt>
File: mathGL/cbStage-eps-converted-to.pdf Graphic file (type pdf)

<use mathGL/cbStage-eps-converted-to.pdf>
Package pdftex.def Info: mathGL/cbStage-eps-converted-to.pdf used on input line
 739.
(pdftex.def)             Requested size: 325.215pt x 216.81902pt.
 [12 <./figures/commonBaseStage.png>]
<figures/commonEmitterStage.png, id=81, 263.7855pt x 261.1356pt>
File: figures/commonEmitterStage.png Graphic file (type png)

<use figures/commonEmitterStage.png>
Package pdftex.def Info: figures/commonEmitterStage.png used on input line 761.

(pdftex.def)             Requested size: 151.76964pt x 150.24344pt.

<measurements/q2Characteristics.png, id=82, 534.0753pt x 430.7292pt>
File: measurements/q2Characteristics.png Graphic file (type png)

<use measurements/q2Characteristics.png>
Package pdftex.def Info: measurements/q2Characteristics.png used on input line 
783.
(pdftex.def)             Requested size: 260.17465pt x 209.83011pt.
 [13 <./measurements/q1Characteristics.png (PNG copy)>]
Package epstopdf Info: Source file: <mathGL/ceStage.eps>
(epstopdf)                    date: 2015-02-08 20:22:28
(epstopdf)                    size: 103284 bytes
(epstopdf)             Output file: <mathGL/ceStage-eps-converted-to.pdf>
(epstopdf)                    date: 2015-02-08 20:32:53
(epstopdf)                    size: 69523 bytes
(epstopdf)             Command: <repstopdf --outfile=mathGL/ceStage-eps-convert
ed-to.pdf mathGL/ceStage.eps>
(epstopdf)             \includegraphics on input line 847.
Package epstopdf Info: Output file is already uptodate.

<mathGL/ceStage-eps-converted-to.pdf, id=86, 602.25pt x 401.5pt>
File: mathGL/ceStage-eps-converted-to.pdf Graphic file (type pdf)

<use mathGL/ceStage-eps-converted-to.pdf>
Package pdftex.def Info: mathGL/ceStage-eps-converted-to.pdf used on input line
 847.
(pdftex.def)             Requested size: 325.215pt x 216.81902pt.


LaTeX Warning: Reference `stage2Section' on page 14 undefined on input line 863
.

<measurements/q3Characteristics.png, id=87, 534.0753pt x 429.2838pt>
File: measurements/q3Characteristics.png Graphic file (type png)

<use measurements/q3Characteristics.png>
Package pdftex.def Info: measurements/q3Characteristics.png used on input line 
871.
(pdftex.def)             Requested size: 260.17465pt x 209.12598pt.
 [14 <./mathGL/cbStage-eps-converted-to.pdf>] [15 <./figures/commonEmitterStage
.png (PNG copy)> <./measurements/q2Characteristics.png (PNG copy)>]
<measurements/q4Characteristics.png, id=96, 536.4843pt x 430.4883pt>
File: measurements/q4Characteristics.png Graphic file (type png)

<use measurements/q4Characteristics.png>
Package pdftex.def Info: measurements/q4Characteristics.png used on input line 
908.
(pdftex.def)             Requested size: 260.17465pt x 208.77344pt.

<figures/multiStageTunedAmplifier.png, id=97, 579.1236pt x 277.035pt>
File: figures/multiStageTunedAmplifier.png Graphic file (type png)

<use figures/multiStageTunedAmplifier.png>
Package pdftex.def Info: figures/multiStageTunedAmplifier.png used on input lin
e 985.
(pdftex.def)             Requested size: 346.89732pt x 165.95174pt.
 [16 <./mathGL/ceStage-eps-converted-to.pdf>]

LaTeX Warning: Reference `assembledAmplifier' on page 17 undefined on input lin
e 1002.

<images/assembledAmplifier.jpeg, id=103, 825.0825pt x 421.575pt>
File: images/assembledAmplifier.jpeg Graphic file (type jpg)

<use images/assembledAmplifier.jpeg>
Package pdftex.def Info: images/assembledAmplifier.jpeg used on input line 1007
.
(pdftex.def)             Requested size: 260.17465pt x 132.93834pt.
 [17 <./measurements/q3Characteristics.png (PNG copy)>] [18 <./measurements/q4C
haracteristics.png (PNG copy)>] [19 <./figures/multiStageTunedAmplifier.png (PN
G copy)>] [20 <./images/assembledAmplifier.jpeg>] <qMeter/page35.png, id=117, 1
638.12pt x 2152.04pt>
File: qMeter/page35.png Graphic file (type png)

<use qMeter/page35.png>
Package pdftex.def Info: qMeter/page35.png used on input line 1056.
(pdftex.def)             Requested size: 433.62001pt x 569.66399pt.

Overfull \hbox (17.0pt too wide) in paragraph at lines 1056--1057
[][] 
 []

[21

 <./qMeter/page35.png>] <qMeter/page36.png, id=122, 1638.12pt x 2152.04pt>
File: qMeter/page36.png Graphic file (type png)

<use qMeter/page36.png>
Package pdftex.def Info: qMeter/page36.png used on input line 1059.
(pdftex.def)             Requested size: 433.62001pt x 569.66399pt.

Overfull \hbox (17.0pt too wide) in paragraph at lines 1059--1060
[][] 
 []

[22 <./qMeter/page36.png>] <qMeter/page37.png, id=127, 1638.12pt x 2152.04pt>
File: qMeter/page37.png Graphic file (type png)

<use qMeter/page37.png>
Package pdftex.def Info: qMeter/page37.png used on input line 1062.
(pdftex.def)             Requested size: 433.62001pt x 569.66399pt.

Overfull \hbox (17.0pt too wide) in paragraph at lines 1062--1063
[][] 
 []

[23 <./qMeter/page37.png>] [24] [25]
Overfull \hbox (78.0132pt too wide) in paragraph at lines 1192--1192
[]\OT1/cmtt/m/n/10.95 legend('Common Base Voltage Gain', 'Common Emitter Voltag
e Gain','Location','Northwest');[] 
 []

[26] [27] (./report.aux)

LaTeX Warning: There were undefined references.

 ) 
Here is how much of TeX's memory you used:
 4490 strings out of 495028
 67947 string characters out of 6181497
 142946 words of memory out of 5000000
 7597 multiletter control sequences out of 15000+600000
 11241 words of font info for 41 fonts, out of 8000000 for 9000
 14 hyphenation exceptions out of 8191
 38i,13n,38p,789b,284s stack positions out of 5000i,500n,10000p,200000b,80000s
</usr/share/texlive/texmf-dist/fonts/type1/public/amsfonts/cm/cmbx10.pfb></us
r/share/texlive/texmf-dist/fonts/type1/public/amsfonts/cm/cmbx12.pfb></usr/shar
e/texlive/texmf-dist/fonts/type1/public/amsfonts/cm/cmex10.pfb></usr/share/texl
ive/texmf-dist/fonts/type1/public/amsfonts/cm/cmmi10.pfb></usr/share/texlive/te
xmf-dist/fonts/type1/public/amsfonts/cm/cmmi12.pfb></usr/share/texlive/texmf-di
st/fonts/type1/public/amsfonts/cm/cmmi6.pfb></usr/share/texlive/texmf-dist/font
s/type1/public/amsfonts/cm/cmmi8.pfb></usr/share/texlive/texmf-dist/fonts/type1
/public/amsfonts/cm/cmmi9.pfb></usr/share/texlive/texmf-dist/fonts/type1/public
/amsfonts/cm/cmr10.pfb></usr/share/texlive/texmf-dist/fonts/type1/public/amsfon
ts/cm/cmr12.pfb></usr/share/texlive/texmf-dist/fonts/type1/public/amsfonts/cm/c
mr17.pfb></usr/share/texlive/texmf-dist/fonts/type1/public/amsfonts/cm/cmr6.pfb
></usr/share/texlive/texmf-dist/fonts/type1/public/amsfonts/cm/cmr8.pfb></usr/s
hare/texlive/texmf-dist/fonts/type1/public/amsfonts/cm/cmr9.pfb></usr/share/tex
live/texmf-dist/fonts/type1/public/amsfonts/cm/cmsy10.pfb></usr/share/texlive/t
exmf-dist/fonts/type1/public/amsfonts/cm/cmsy8.pfb></usr/share/texlive/texmf-di
st/fonts/type1/public/amsfonts/cm/cmsy9.pfb></usr/share/texlive/texmf-dist/font
s/type1/public/amsfonts/cm/cmtt10.pfb>
Output written on report.pdf (29 pages, 12678239 bytes).
PDF statistics:
 204 PDF objects out of 1000 (max. 8388607)
 124 compressed objects within 2 object streams
 0 named destinations out of 1000 (max. 500000)
 106 words of extra memory for PDF output out of 10000 (max. 10000000)

